<?xml version="1.0" encoding="utf-8"?><testsuites name="pytest tests"><testsuite name="pytest" errors="0" failures="0" skipped="0" tests="8" time="0.867" timestamp="2026-05-01T06:56:33.757249+00:00" hostname="agent-env-4867c14f-a3f1-421e-bfd6-53d0069266ad"><testcase classname="backend.tests.test_api" name="test_health" time="0.247" /><testcase classname="backend.tests.test_api" name="test_create_demo_request_valid" time="0.089" /><testcase classname="backend.tests.test_api" name="test_create_demo_request_invalid_email" time="0.057" /><testcase classname="backend.tests.test_api" name="test_create_demo_request_short_hospital" time="0.071" /><testcase classname="backend.tests.test_api" name="test_list_demo_requests" time="0.048" /><testcase classname="backend.tests.test_api" name="test_newsletter_valid" time="0.060" /><testcase classname="backend.tests.test_api" name="test_newsletter_invalid_email" time="0.048" /><testcase classname="backend.tests.test_api" name="test_status_create_and_list" time="0.107" /></testsuite></testsuites>